{"total": {"lines":{"total":861,"covered":806,"skipped":0,"pct":93.61},"statements":{"total":861,"covered":806,"skipped":0,"pct":93.61},"functions":{"total":52,"covered":50,"skipped":0,"pct":96.15},"branches":{"total":240,"covered":193,"skipped":0,"pct":80.41},"branchesTrue":{"total":0,"covered":0,"skipped":0,"pct":"Unknown"}}
,"C:\\Users\\likut\\WebstormProjects\\KS-lab-4\\packages\\toolbox\\command\\command-service.ts": {"lines":{"total":336,"covered":308,"skipped":0,"pct":91.66},"functions":{"total":23,"covered":21,"skipped":0,"pct":91.3},"statements":{"total":336,"covered":308,"skipped":0,"pct":91.66},"branches":{"total":88,"covered":75,"skipped":0,"pct":85.22}}
,"C:\\Users\\likut\\WebstormProjects\\KS-lab-4\\packages\\toolbox\\command\\fuzzy.ts": {"lines":{"total":41,"covered":41,"skipped":0,"pct":100},"functions":{"total":2,"covered":2,"skipped":0,"pct":100},"statements":{"total":41,"covered":41,"skipped":0,"pct":100},"branches":{"total":18,"covered":17,"skipped":0,"pct":94.44}}
,"C:\\Users\\likut\\WebstormProjects\\KS-lab-4\\packages\\toolbox\\command\\history.ts": {"lines":{"total":81,"covered":75,"skipped":0,"pct":92.59},"functions":{"total":8,"covered":8,"skipped":0,"pct":100},"statements":{"total":81,"covered":75,"skipped":0,"pct":92.59},"branches":{"total":30,"covered":24,"skipped":0,"pct":80}}
,"C:\\Users\\likut\\WebstormProjects\\KS-lab-4\\packages\\toolbox\\command\\hotkeys.ts": {"lines":{"total":247,"covered":230,"skipped":0,"pct":93.11},"functions":{"total":12,"covered":12,"skipped":0,"pct":100},"statements":{"total":247,"covered":230,"skipped":0,"pct":93.11},"branches":{"total":65,"covered":51,"skipped":0,"pct":78.46}}
,"C:\\Users\\likut\\WebstormProjects\\KS-lab-4\\packages\\toolbox\\command\\router-integration.ts": {"lines":{"total":44,"covered":42,"skipped":0,"pct":95.45},"functions":{"total":1,"covered":1,"skipped":0,"pct":100},"statements":{"total":44,"covered":42,"skipped":0,"pct":95.45},"branches":{"total":11,"covered":9,"skipped":0,"pct":81.81}}
,"C:\\Users\\likut\\WebstormProjects\\KS-lab-4\\packages\\toolbox\\command\\router-loader.ts": {"lines":{"total":112,"covered":110,"skipped":0,"pct":98.21},"functions":{"total":6,"covered":6,"skipped":0,"pct":100},"statements":{"total":112,"covered":110,"skipped":0,"pct":98.21},"branches":{"total":28,"covered":17,"skipped":0,"pct":60.71}}
}
