{"total": {"lines":{"total":1672,"covered":1608,"skipped":0,"pct":96.17},"statements":{"total":1672,"covered":1608,"skipped":0,"pct":96.17},"functions":{"total":61,"covered":58,"skipped":0,"pct":95.08},"branches":{"total":191,"covered":154,"skipped":0,"pct":80.62},"branchesTrue":{"total":0,"covered":0,"skipped":0,"pct":"Unknown"}}
,"C:\\Users\\likut\\WebstormProjects\\KS-lab-4\\packages\\ui\\src\\components\\command-grouping.ts": {"lines":{"total":28,"covered":28,"skipped":0,"pct":100},"functions":{"total":1,"covered":1,"skipped":0,"pct":100},"statements":{"total":28,"covered":28,"skipped":0,"pct":100},"branches":{"total":5,"covered":5,"skipped":0,"pct":100}}
,"C:\\Users\\likut\\WebstormProjects\\KS-lab-4\\packages\\ui\\src\\components\\command-run-behavior.ts": {"lines":{"total":7,"covered":7,"skipped":0,"pct":100},"functions":{"total":1,"covered":1,"skipped":0,"pct":100},"statements":{"total":7,"covered":7,"skipped":0,"pct":100},"branches":{"total":1,"covered":1,"skipped":0,"pct":100}}
,"C:\\Users\\likut\\WebstormProjects\\KS-lab-4\\packages\\ui\\src\\components\\palette-primitives.ts": {"lines":{"total":35,"covered":35,"skipped":0,"pct":100},"functions":{"total":4,"covered":4,"skipped":0,"pct":100},"statements":{"total":35,"covered":35,"skipped":0,"pct":100},"branches":{"total":8,"covered":8,"skipped":0,"pct":100}}
,"C:\\Users\\likut\\WebstormProjects\\KS-lab-4\\packages\\ui\\src\\components\\palette-state.ts": {"lines":{"total":41,"covered":41,"skipped":0,"pct":100},"functions":{"total":4,"covered":4,"skipped":0,"pct":100},"statements":{"total":41,"covered":41,"skipped":0,"pct":100},"branches":{"total":19,"covered":17,"skipped":0,"pct":89.47}}
,"C:\\Users\\likut\\WebstormProjects\\KS-lab-4\\packages\\ui\\src\\components\\shortcut-utils.ts": {"lines":{"total":33,"covered":32,"skipped":0,"pct":96.96},"functions":{"total":2,"covered":2,"skipped":0,"pct":100},"statements":{"total":33,"covered":32,"skipped":0,"pct":96.96},"branches":{"total":7,"covered":5,"skipped":0,"pct":71.42}}
,"C:\\Users\\likut\\WebstormProjects\\KS-lab-4\\packages\\ui\\src\\components\\tini-command-item.ts": {"lines":{"total":179,"covered":179,"skipped":0,"pct":100},"functions":{"total":3,"covered":3,"skipped":0,"pct":100},"statements":{"total":179,"covered":179,"skipped":0,"pct":100},"branches":{"total":17,"covered":13,"skipped":0,"pct":76.47}}
,"C:\\Users\\likut\\WebstormProjects\\KS-lab-4\\packages\\ui\\src\\components\\tini-command-palette.ts": {"lines":{"total":1254,"covered":1191,"skipped":0,"pct":94.97},"functions":{"total":44,"covered":41,"skipped":0,"pct":93.18},"statements":{"total":1254,"covered":1191,"skipped":0,"pct":94.97},"branches":{"total":124,"covered":96,"skipped":0,"pct":77.41}}
,"C:\\Users\\likut\\WebstormProjects\\KS-lab-4\\packages\\ui\\src\\components\\tini-shortcut.ts": {"lines":{"total":95,"covered":95,"skipped":0,"pct":100},"functions":{"total":2,"covered":2,"skipped":0,"pct":100},"statements":{"total":95,"covered":95,"skipped":0,"pct":100},"branches":{"total":10,"covered":9,"skipped":0,"pct":90}}
}
